Using pre-set license
Built from '2020.2/staging' branch; Version is '2020.2.7f1 (c53830e277f1) revision 12924976'; Using compiler version '192528614'; Build Type 'Release'
OS: 'Windows 10 Home; OS build 19041.928; Version 2004; 64bit' Language: 'en' Physical Memory: 16151 MB
BatchMode: 1, IsHumanControllingUs: 0, StartBugReporterOnCrash: 0, Is64bit: 1, IsPro: 0

 COMMAND LINE ARGUMENTS:
C:\Program Files\Unity\Hub\Editor\2020.2.7f1\Editor\Unity.exe
-adb2
-batchMode
-noUpm
-name
AssetImportWorker0
-projectPath
C:/Users/spira/Documents/Unity Projects/Dialogue Test
-logFile
Logs/AssetImportWorker0.log
-srvPort
57163
Successfully changed project path to: C:/Users/spira/Documents/Unity Projects/Dialogue Test
C:/Users/spira/Documents/Unity Projects/Dialogue Test
Using Asset Import Pipeline V2.
Refreshing native plugins compatible for Editor in 97.47 ms, found 1 plugins.
Preloading 0 native plugins for Editor in 0.00 ms.
Initialize engine version: 2020.2.7f1 (c53830e277f1)
[Subsystems] Discovering subsystems at path C:/Program Files/Unity/Hub/Editor/2020.2.7f1/Editor/Data/Resources/UnitySubsystems
[Subsystems] Discovering subsystems at path C:/Users/spira/Documents/Unity Projects/Dialogue Test/Assets
GfxDevice: creating device client; threaded=0
Direct3D:
    Version:  Direct3D 11.0 [level 11.1]
    Renderer: Intel(R) Iris(R) Plus Graphics (ID=0x8a52)
    Vendor:   
    VRAM:     8075 MB
    Driver:   26.20.100.7870
Initialize mono
Mono path[0] = 'C:/Program Files/Unity/Hub/Editor/2020.2.7f1/Editor/Data/Managed'
Mono path[1] = 'C:/Program Files/Unity/Hub/Editor/2020.2.7f1/Editor/Data/MonoBleedingEdge/lib/mono/unityjit'
Mono config path = 'C:/Program Files/Unity/Hub/Editor/2020.2.7f1/Editor/Data/MonoBleedingEdge/etc'
Using monoOptions --debugger-agent=transport=dt_socket,embedding=1,server=y,suspend=n,address=127.0.0.1:56976
Begin MonoManager ReloadAssembly
Registering precompiled unity dll's ...
Register platform support module: C:/Program Files/Unity/Hub/Editor/2020.2.7f1/Editor/Data/PlaybackEngines/WindowsStandaloneSupport/UnityEditor.WindowsStandalone.Extensions.dll
Registered in 0.002771 seconds.
Native extension for WindowsStandalone target not found
Refreshing native plugins compatible for Editor in 63.08 ms, found 1 plugins.
Preloading 0 native plugins for Editor in 0.00 ms.
Invoked RoslynAnalysisRunner static constructor.
RoslynAnalysisRunner will not be running.
RoslynAnalysisRunner has terminated.
Mono: successfully reloaded assembly
- Completed reload, in  1.487 seconds
Platform modules already initialized, skipping
Registering precompiled user dll's ...
Registered in 0.002564 seconds.
Begin MonoManager ReloadAssembly
Native extension for WindowsStandalone target not found
Refreshing native plugins compatible for Editor in 50.56 ms, found 1 plugins.
Preloading 0 native plugins for Editor in 0.00 ms.
Ink Library was rebuilt.
UnityEngine.StackTraceUtility:ExtractStackTrace ()
UnityEngine.DebugLogHandler:LogFormat (UnityEngine.LogType,UnityEngine.Object,string,object[])
UnityEngine.Logger:Log (UnityEngine.LogType,object)
UnityEngine.Debug:Log (object)
Ink.UnityIntegration.InkLibrary:Rebuild () (at Assets/Plugins/Ink/Core/Editor/Ink Library/InkLibrary.cs:209)
Ink.UnityIntegration.InkEditorUtils:OnOpenUnityEditor () (at Assets/Plugins/Ink/Core/Editor/InkEditorUtils.cs:59)
Ink.UnityIntegration.InkEditorUtils:.cctor () (at Assets/Plugins/Ink/Core/Editor/InkEditorUtils.cs:47)
System.Runtime.CompilerServices.RuntimeHelpers:RunClassConstructor (System.RuntimeTypeHandle)
UnityEditor.EditorAssemblies:ProcessInitializeOnLoadAttributes (System.Type[])

(Filename: Assets/Plugins/Ink/Core/Editor/Ink Library/InkLibrary.cs Line: 209)

Invoked RoslynAnalysisRunner static constructor.
RoslynAnalysisRunner will not be running.
RoslynAnalysisRunner has terminated.
Mono: successfully reloaded assembly
- Completed reload, in  1.255 seconds
Platform modules already initialized, skipping
========================================================================
Worker process is ready to serve import requests
Launched and connected shader compiler UnityShaderCompiler.exe after 0.08 seconds
Refreshing native plugins compatible for Editor in 0.40 ms, found 1 plugins.
Preloading 0 native plugins for Editor in 0.00 ms.
Unloading 2219 Unused Serialized files (Serialized files now loaded: 0)
System memory in use before: 100.9 MB.
System memory in use after: 100.9 MB.

Unloading 24 unused Assets to reduce memory usage. Loaded Objects now: 2670.
Total: 3.765600 ms (FindLiveObjects: 0.549200 ms CreateObjectMapping: 0.288800 ms MarkObjects: 2.838600 ms  DeleteObjects: 0.085600 ms)

========================================================================
Received Import Request.
  path: Assets/InkLibrary.asset
  artifactKey: Guid(901029bc3a12a034ab73498ff9b95433) Importer(815301076,1909f56bfc062723c751e8b465ee728b)
Start importing Assets/InkLibrary.asset using Guid(901029bc3a12a034ab73498ff9b95433) Importer(815301076,1909f56bfc062723c751e8b465ee728b)  -> (artifact id: '16ed3d11ccc3c493777f0eca61a04949') in 0.082715 seconds
  Import took 0.088543 seconds .

========================================================================
Received Prepare
Registering precompiled user dll's ...
Registered in 0.002803 seconds.
Begin MonoManager ReloadAssembly
Native extension for WindowsStandalone target not found
Refreshing native plugins compatible for Editor in 0.75 ms, found 1 plugins.
Preloading 0 native plugins for Editor in 0.00 ms.
Invoked RoslynAnalysisRunner static constructor.
RoslynAnalysisRunner will not be running.
RoslynAnalysisRunner has terminated.
Mono: successfully reloaded assembly
- Completed reload, in  1.366 seconds
Platform modules already initialized, skipping
Refreshing native plugins compatible for Editor in 0.47 ms, found 1 plugins.
Preloading 0 native plugins for Editor in 0.00 ms.
Unloading 2188 Unused Serialized files (Serialized files now loaded: 0)
System memory in use before: 100.8 MB.
System memory in use after: 101.7 MB.

Unloading 11 unused Assets to reduce memory usage. Loaded Objects now: 2672.
Total: 34.499400 ms (FindLiveObjects: 0.479400 ms CreateObjectMapping: 0.242500 ms MarkObjects: 6.769600 ms  DeleteObjects: 27.003700 ms)

AssetImportWorkerClient::OnTransportError - code=2 error=End of file
